2021-03-12 19:34:11,857 - RIFE_GUI_Backend - 220 - INFO - [GUI]: Previous Settings, Found, Loaded
2021-03-12 19:38:36,861 - RIFE_GUI_Backend - 220 - INFO - [GUI]: Previous Settings, Found, Loaded
2021-03-12 19:40:33,325 - RIFE_GUI_Backend - 221 - INFO - [GUI]: Previous Settings, Found, Loaded
2021-03-12 19:40:50,016 - RIFE_GUI_Backend - 544 - INFO - [Main]: Download all settings
2021-03-12 19:44:27,662 - RIFE_GUI_Backend - 221 - INFO - [GUI]: Previous Settings, Found, Loaded
2021-03-12 19:47:36,403 - RIFE_GUI_Backend - 221 - INFO - [GUI]: Previous Settings, Found, Loaded
2021-03-12 19:50:11,145 - RIFE_GUI_Backend - 221 - INFO - [GUI]: Previous Settings, Found, Loaded
2021-03-12 19:51:42,911 - RIFE_GUI_Backend - 221 - INFO - [GUI]: Previous Settings, Found, Loaded
2021-03-12 19:52:36,064 - RIFE_GUI_Backend - 221 - INFO - [GUI]: Previous Settings, Found, Loaded
2021-03-12 19:53:51,657 - RIFE_GUI_Backend - 221 - INFO - [GUI]: Previous Settings, Found, Loaded
2021-03-12 19:54:32,034 - RIFE_GUI_Backend - 221 - INFO - [GUI]: Previous Settings, Found, Loaded
2021-03-12 19:56:23,799 - RIFE_GUI_Backend - 221 - INFO - [GUI]: Previous Settings, Found, Loaded
2021-03-12 19:56:26,741 - RIFE_GUI_Backend - 322 - INFO - AutoSet find None
2021-03-12 19:56:42,106 - RIFE_GUI_Backend - 425 - INFO - NVIDIA data: {'0': 'GeForce RTX 2060 with Max-Q Design, 6.0 GB'}
2021-03-12 19:57:26,149 - RIFE_GUI_Backend - 572 - INFO - [Main]: Download all settings
2021-03-12 20:01:27,887 - RIFE_GUI_Backend - 223 - INFO - [GUI]: Previous Settings, Found, Loaded
2021-03-12 20:01:35,885 - RIFE_GUI_Backend - 324 - INFO - AutoSet find None
2021-03-12 20:01:47,806 - RIFE_GUI_Backend - 427 - INFO - NVIDIA data: {'0': 'GeForce RTX 2060 with Max-Q Design, 6.0 GB'}
2021-03-12 20:01:52,802 - RIFE_GUI_Backend - 482 - INFO - [Main]: Start Loading Settings
2021-03-12 20:01:52,802 - RIFE_GUI_Backend - 574 - INFO - [Main]: Download all settings
2021-03-12 20:02:37,143 - RIFE_GUI_Backend - 223 - INFO - [GUI]: Previous Settings, Found, Loaded
2021-03-12 20:02:41,616 - RIFE_GUI_Backend - 324 - INFO - AutoSet find None
2021-03-12 20:02:43,821 - RIFE_GUI_Backend - 427 - INFO - NVIDIA data: {'0': 'GeForce RTX 2060 with Max-Q Design, 6.0 GB'}
2021-03-12 20:02:48,457 - RIFE_GUI_Backend - 482 - INFO - [Main]: Start Loading Settings
2021-03-12 20:02:48,458 - RIFE_GUI_Backend - 574 - INFO - [Main]: Download all settings
2021-03-12 20:03:35,346 - RIFE_GUI_Backend - 223 - INFO - [GUI]: Previous Settings, Found, Loaded
2021-03-12 20:03:39,875 - RIFE_GUI_Backend - 324 - INFO - AutoSet find None
2021-03-12 20:03:43,234 - RIFE_GUI_Backend - 427 - INFO - NVIDIA data: {'0': 'GeForce RTX 2060 with Max-Q Design, 6.0 GB'}
2021-03-12 20:03:45,568 - RIFE_GUI_Backend - 482 - INFO - [Main]: Start Loading Settings
2021-03-12 20:03:45,569 - RIFE_GUI_Backend - 574 - INFO - [Main]: Download all settings
2021-03-12 20:03:46,251 - RIFE_GUI_Backend - 202 - INFO - [GUI]: Designed Command:
D:\60-fps-Project\arXiv2020-RIFE-main\RIFE_GUI\GUI\RIFE_GUI_Utils\one_line_shot_args.exe --input "D:/60-fps-Project/input_or_ref/agawaht/aga_test_1.mp4" --output D:/60-fps-Project/input_or_ref/agawaht --fps 24.0 --target-fps 96.0 --ratio 4 --crf 16 --scale 1.00 --model D:\60-fps-Project\arXiv2020-RIFE-main\RIFE_GUI\GUI\RIFE_GUI_Utils\train_log\RIFE2.3 --interp-start 0 --interp-cnt 1 --chunk 1 --bitrate 90.0M --preset fast --quick-extract 
2021-03-12 20:03:46,253 - RIFE_GUI_Backend - 205 - INFO - [GUI]: Start
2021-03-12 20:03:53,984 - RIFE_GUI_Backend - 574 - INFO - [Main]: Download all settings
2021-03-12 20:44:09,406 - RIFE_GUI_Backend - 223 - INFO - [GUI]: Previous Settings, Found, Loaded
2021-03-12 20:44:15,250 - RIFE_GUI_Backend - 324 - INFO - AutoSet find None
2021-03-12 20:44:18,178 - RIFE_GUI_Backend - 427 - INFO - NVIDIA data: {'0': 'GeForce RTX 2060 with Max-Q Design, 6.0 GB'}
2021-03-12 20:44:28,670 - RIFE_GUI_Backend - 482 - INFO - [Main]: Start Loading Settings
2021-03-12 20:44:28,671 - RIFE_GUI_Backend - 574 - INFO - [Main]: Download all settings
2021-03-12 20:44:29,740 - RIFE_GUI_Backend - 202 - INFO - [GUI]: Designed Command:
D:\60-fps-Project\arXiv2020-RIFE-main\RIFE_GUI\GUI\RIFE_GUI_Utils\one_line_shot_args.exe --input "D:/60-fps-Project/input_or_ref/agawaht/aga_test_1.mp4" --output D:/60-fps-Project/input_or_ref/agawaht --fps 24.0 --target-fps 96.0 --ratio 4 --crf 16 --scale 1.00 --model D:\60-fps-Project\arXiv2020-RIFE-main\RIFE_GUI\GUI\RIFE_GUI_Utils\train_log\RIFE2.3 --interp-start 0 --interp-cnt 1 --chunk 1 --bitrate 90.0M --preset fast --quick-extract 
2021-03-12 20:44:29,741 - RIFE_GUI_Backend - 205 - INFO - [GUI]: Start
2021-03-12 20:44:49,432 - RIFE_GUI_Backend - 223 - INFO - [GUI]: Previous Settings, Found, Loaded
2021-03-12 20:44:51,662 - RIFE_GUI_Backend - 324 - INFO - AutoSet find None
2021-03-12 20:44:52,799 - RIFE_GUI_Backend - 427 - INFO - NVIDIA data: {'0': 'GeForce RTX 2060 with Max-Q Design, 6.0 GB'}
2021-03-12 20:44:56,410 - RIFE_GUI_Backend - 482 - INFO - [Main]: Start Loading Settings
2021-03-12 20:44:56,411 - RIFE_GUI_Backend - 574 - INFO - [Main]: Download all settings
2021-03-12 20:44:57,029 - RIFE_GUI_Backend - 202 - INFO - [GUI]: Designed Command:
D:\60-fps-Project\arXiv2020-RIFE-main\RIFE_GUI\GUI\RIFE_GUI_Utils\one_line_shot_args.exe --input "D:/60-fps-Project/input_or_ref/agawaht/aga_test_1.mp4" --output D:/60-fps-Project/input_or_ref/agawaht --fps 24.0 --target-fps 96.0 --ratio 4 --crf 16 --scale 1.00 --model D:\60-fps-Project\arXiv2020-RIFE-main\RIFE_GUI\GUI\RIFE_GUI_Utils\train_log\RIFE2.2 --interp-start 0 --interp-cnt 1 --chunk 1 --bitrate 90.0M --preset fast --quick-extract 
2021-03-12 20:44:57,031 - RIFE_GUI_Backend - 205 - INFO - [GUI]: Start
2021-03-12 20:46:18,649 - RIFE_GUI_Backend - 223 - INFO - [GUI]: Previous Settings, Found, Loaded
2021-03-12 20:46:18,649 - RIFE_GUI_Backend - 236 - INFO - Change to Debug Path
2021-03-12 20:46:20,503 - RIFE_GUI_Backend - 325 - INFO - AutoSet find None
2021-03-12 20:46:21,856 - RIFE_GUI_Backend - 428 - INFO - NVIDIA data: {'0': 'GeForce RTX 2060 with Max-Q Design, 6.0 GB'}
2021-03-12 20:46:23,091 - RIFE_GUI_Backend - 483 - INFO - [Main]: Start Loading Settings
2021-03-12 20:46:23,092 - RIFE_GUI_Backend - 575 - INFO - [Main]: Download all settings
2021-03-12 20:46:23,790 - RIFE_GUI_Backend - 202 - INFO - [GUI]: Designed Command:
D:\60-fps-Project\arXiv2020-RIFE-main\RIFE_GUI\GUI\RIFE_GUI_Utils\one_line_shot_args.exe --input "D:/60-fps-Project/input_or_ref/agawaht/aga_test_1.mp4" --output D:/60-fps-Project/input_or_ref/agawaht --fps 24.0 --target-fps 96.0 --ratio 4 --crf 16 --scale 1.00 --model D:\60-fps-Project\arXiv2020-RIFE-main\RIFE_GUI\GUI\RIFE_GUI_Utils\train_log\RIFE2.1 --interp-start 0 --interp-cnt 1 --chunk 1 --bitrate 90.0M --preset fast --quick-extract 
2021-03-12 20:46:23,792 - RIFE_GUI_Backend - 205 - INFO - [GUI]: Start
2021-03-12 20:46:51,191 - RIFE_GUI_Backend - 223 - INFO - [GUI]: Previous Settings, Found, Loaded
2021-03-12 20:46:51,196 - RIFE_GUI_Backend - 237 - INFO - Change to Debug Path
2021-03-12 20:46:51,701 - RIFE_GUI_Backend - 484 - INFO - [Main]: Start Loading Settings
2021-03-12 20:46:51,701 - RIFE_GUI_Backend - 576 - INFO - [Main]: Download all settings
2021-03-12 20:46:53,311 - RIFE_GUI_Backend - 326 - INFO - AutoSet find None
2021-03-12 20:46:54,500 - RIFE_GUI_Backend - 429 - INFO - NVIDIA data: {'0': 'GeForce RTX 2060 with Max-Q Design, 6.0 GB'}
2021-03-12 20:46:54,500 - RIFE_GUI_Backend - 435 - INFO - Not find Module dir at D:\60-fps-Project\arXiv2020-RIFE-main\RIFE_GUI\GUI\RIFE_GUI_Utils\train_log
2021-03-12 20:46:56,201 - RIFE_GUI_Backend - 429 - INFO - NVIDIA data: {'0': 'GeForce RTX 2060 with Max-Q Design, 6.0 GB'}
2021-03-12 20:46:56,202 - RIFE_GUI_Backend - 435 - INFO - Not find Module dir at D:\60-fps-Project\arXiv2020-RIFE-main\RIFE_GUI\GUI\RIFE_GUI_Utils\train_log
2021-03-12 20:46:58,791 - RIFE_GUI_Backend - 326 - INFO - AutoSet find None
2021-03-12 20:47:30,292 - RIFE_GUI_Backend - 429 - INFO - NVIDIA data: {'0': 'GeForce RTX 2060 with Max-Q Design, 6.0 GB'}
2021-03-12 20:47:30,294 - RIFE_GUI_Backend - 435 - INFO - Not find Module dir at D:\60-fps-Project\arXiv2020-RIFE-main\RIFE_GUI\GUI\RIFE_GUI_Utils\train_log
2021-03-12 20:47:32,571 - RIFE_GUI_Backend - 429 - INFO - NVIDIA data: {'0': 'GeForce RTX 2060 with Max-Q Design, 6.0 GB'}
2021-03-12 20:47:32,571 - RIFE_GUI_Backend - 435 - INFO - Not find Module dir at D:\60-fps-Project\arXiv2020-RIFE-main\RIFE_GUI\GUI\RIFE_GUI_Utils\train_log
2021-03-12 20:47:34,642 - RIFE_GUI_Backend - 484 - INFO - [Main]: Start Loading Settings
2021-03-12 20:47:34,642 - RIFE_GUI_Backend - 576 - INFO - [Main]: Download all settings
2021-03-12 20:47:35,534 - RIFE_GUI_Backend - 429 - INFO - NVIDIA data: {'0': 'GeForce RTX 2060 with Max-Q Design, 6.0 GB'}
2021-03-12 20:47:35,535 - RIFE_GUI_Backend - 435 - INFO - Not find Module dir at D:\60-fps-Project\arXiv2020-RIFE-main\RIFE_GUI\GUI\RIFE_GUI_Utils\train_log
2021-03-12 20:48:29,143 - RIFE_GUI_Backend - 223 - INFO - [GUI]: Previous Settings, Found, Loaded
2021-03-12 20:48:29,154 - RIFE_GUI_Backend - 237 - INFO - Change to Debug Path
2021-03-12 20:48:33,092 - RIFE_GUI_Backend - 326 - INFO - AutoSet find None
2021-03-12 20:48:33,889 - RIFE_GUI_Backend - 429 - INFO - NVIDIA data: {'0': 'GeForce RTX 2060 with Max-Q Design, 6.0 GB'}
2021-03-12 20:48:40,148 - RIFE_GUI_Backend - 484 - INFO - [Main]: Start Loading Settings
2021-03-12 20:48:40,149 - RIFE_GUI_Backend - 576 - INFO - [Main]: Download all settings
2021-03-12 20:48:40,693 - RIFE_GUI_Backend - 202 - INFO - [GUI]: Designed Command:
D:\60-fps-Project\arXiv2020-RIFE-main\RIFE_GUI\GUI\RIFE_GUI_Utils\one_line_shot_args.exe --input "D:/60-fps-Project/input_or_ref/agawaht/aga_test_1.mp4" --output D:/60-fps-Project/input_or_ref/agawaht --fps 24.0 --target-fps 96.0 --ratio 4 --crf 16 --scale 1.00 --model D:\60-fps-Project\arXiv2020-RIFE-main\RIFE_GUI\GUI\RIFE_GUI_Utils\train_log\RIFE2.2 --interp-start 0 --interp-cnt 1 --chunk 1 --bitrate 90.0M --preset fast --quick-extract 
2021-03-12 20:48:40,695 - RIFE_GUI_Backend - 205 - INFO - [GUI]: Start
2021-03-12 20:48:55,645 - RIFE_GUI_Backend - 429 - INFO - NVIDIA data: {'0': 'GeForce RTX 2060 with Max-Q Design, 6.0 GB'}
2021-03-12 20:48:55,646 - RIFE_GUI_Backend - 435 - INFO - Not find Module dir at D:\60-fps-Project\arXiv2020-RIFE-main\RIFE_GUI\GUI\RIFE_GUI_Utils\train_log
2021-03-12 20:48:58,882 - RIFE_GUI_Backend - 429 - INFO - NVIDIA data: {'0': 'GeForce RTX 2060 with Max-Q Design, 6.0 GB'}
2021-03-12 20:48:58,883 - RIFE_GUI_Backend - 435 - INFO - Not find Module dir at D:\60-fps-Project\arXiv2020-RIFE-main\RIFE_GUI\GUI\RIFE_GUI_Utils\train_log
2021-03-12 20:50:19,645 - RIFE_GUI_Backend - 231 - INFO - [GUI]: Previous Settings, Found, Loaded
2021-03-12 20:50:19,653 - RIFE_GUI_Backend - 245 - INFO - Change to Debug Path
2021-03-12 20:50:24,564 - RIFE_GUI_Backend - 334 - INFO - AutoSet find None
2021-03-12 20:50:25,427 - RIFE_GUI_Backend - 437 - INFO - NVIDIA data: {'0': 'GeForce RTX 2060 with Max-Q Design, 6.0 GB'}
2021-03-12 20:50:28,667 - RIFE_GUI_Backend - 492 - INFO - [Main]: Start Loading Settings
2021-03-12 20:50:28,668 - RIFE_GUI_Backend - 584 - INFO - [Main]: Download all settings
2021-03-12 20:50:29,224 - RIFE_GUI_Backend - 130 - INFO - Change to Debug Path
2021-03-12 20:50:29,225 - RIFE_GUI_Backend - 210 - INFO - [GUI]: Designed Command:
python D:\60-fps-Project\arXiv2020-RIFE-main\RIFE_GUI\one_line_shot_args_v6.2alpha.py --input "D:/60-fps-Project/input_or_ref/agawaht/aga_test_1.mp4" --output D:/60-fps-Project/input_or_ref/agawaht --fps 24.0 --target-fps 96.0 --ratio 4 --crf 16 --scale 1.00 --model D:\60-fps-Project\arXiv2020-RIFE-main\RIFE_GUI\GUI\RIFE_GUI_Utils\train_log\RIFE2.1 --interp-start 0 --interp-cnt 1 --chunk 1 --bitrate 90.0M --preset fast --quick-extract 
2021-03-12 20:50:29,229 - RIFE_GUI_Backend - 213 - INFO - [GUI]: Start
2021-03-12 20:50:58,609 - RIFE_GUI_Backend - 231 - INFO - [GUI]: Previous Settings, Found, Loaded
2021-03-12 20:50:58,625 - RIFE_GUI_Backend - 245 - INFO - Change to Debug Path
2021-03-12 20:51:01,379 - RIFE_GUI_Backend - 437 - INFO - NVIDIA data: {'0': 'GeForce RTX 2060 with Max-Q Design, 6.0 GB'}
2021-03-12 20:51:06,166 - RIFE_GUI_Backend - 334 - INFO - AutoSet find None
2021-03-12 20:51:07,827 - RIFE_GUI_Backend - 492 - INFO - [Main]: Start Loading Settings
2021-03-12 20:51:07,827 - RIFE_GUI_Backend - 584 - INFO - [Main]: Download all settings
2021-03-12 20:51:24,846 - RIFE_GUI_Backend - 130 - INFO - Change to Debug Path
2021-03-12 20:52:42,010 - RIFE_GUI_Backend - 75 - INFO - Change to Debug Path
2021-03-12 20:52:42,528 - RIFE_GUI_Backend - 238 - INFO - [GUI]: Previous Settings, Found, Loaded
2021-03-12 20:52:45,070 - RIFE_GUI_Backend - 432 - INFO - NVIDIA data: {'0': 'GeForce RTX 2060 with Max-Q Design, 6.0 GB'}
2021-03-12 20:52:46,697 - RIFE_GUI_Backend - 329 - INFO - AutoSet find None
2021-03-12 20:52:47,495 - RIFE_GUI_Backend - 487 - INFO - [Main]: Start Loading Settings
2021-03-12 20:52:47,496 - RIFE_GUI_Backend - 579 - INFO - [Main]: Download all settings
2021-03-12 20:52:48,148 - RIFE_GUI_Backend - 217 - INFO - [GUI]: Designed Command:
D:\60-fps-Project\arXiv2020-RIFE-main\RIFE_GUI\GUI\RIFE_GUI_Utils\one_line_shot_args.exe --input "D:/60-fps-Project/input_or_ref/agawaht/aga_test_1.mp4" --output D:/60-fps-Project/input_or_ref/agawaht --fps 24.0 --target-fps 96.0 --ratio 2 --crf 16 --scale 1.00 --model D:\60-fps-Project\arXiv2020-RIFE-main\RIFE_GUI\GUI\RIFE_GUI_Utils\train_log\RIFE2.1 --interp-start 0 --interp-cnt 1 --chunk 1 --bitrate 90.0M --preset fast --quick-extract 
2021-03-12 20:52:48,149 - RIFE_GUI_Backend - 220 - INFO - [GUI]: Start
2021-03-12 20:53:05,070 - RIFE_GUI_Backend - 75 - INFO - Change to Debug Path
2021-03-12 20:53:05,601 - RIFE_GUI_Backend - 239 - INFO - [GUI]: Previous Settings, Found, Loaded
2021-03-12 20:53:11,333 - RIFE_GUI_Backend - 488 - INFO - [Main]: Start Loading Settings
2021-03-12 20:53:11,334 - RIFE_GUI_Backend - 580 - INFO - [Main]: Download all settings
2021-03-12 20:53:12,677 - RIFE_GUI_Backend - 330 - INFO - AutoSet find None
2021-03-12 20:53:13,330 - RIFE_GUI_Backend - 433 - INFO - NVIDIA data: {'0': 'GeForce RTX 2060 with Max-Q Design, 6.0 GB'}
2021-03-12 20:53:13,330 - RIFE_GUI_Backend - 439 - INFO - Not find Module dir at D:\60-fps-Project\arXiv2020-RIFE-main\RIFE_GUI\GUI\RIFE_GUI_Utils\train_log
2021-03-12 20:53:45,799 - RIFE_GUI_Backend - 74 - INFO - Change to Debug Path
2021-03-12 20:53:46,282 - RIFE_GUI_Backend - 237 - INFO - [GUI]: Previous Settings, Found, Loaded
2021-03-12 20:53:49,287 - RIFE_GUI_Backend - 328 - INFO - AutoSet find None
2021-03-12 20:53:50,006 - RIFE_GUI_Backend - 431 - INFO - NVIDIA data: {'0': 'GeForce RTX 2060 with Max-Q Design, 6.0 GB'}
2021-03-12 20:53:53,283 - RIFE_GUI_Backend - 486 - INFO - [Main]: Start Loading Settings
2021-03-12 20:53:53,283 - RIFE_GUI_Backend - 578 - INFO - [Main]: Download all settings
2021-03-12 20:53:53,826 - RIFE_GUI_Backend - 216 - INFO - [GUI]: Designed Command:
D:\60-fps-Project\arXiv2020-RIFE-main\RIFE_GUI\GUI\RIFE_GUI_Utils\one_line_shot_args.exe --input "D:/60-fps-Project/input_or_ref/agawaht/aga_test_1.mp4" --output D:/60-fps-Project/input_or_ref/agawaht --fps 24.0 --target-fps 96.0 --ratio 2 --crf 16 --scale 1.00 --model D:\60-fps-Project\arXiv2020-RIFE-main\RIFE_GUI\GUI\RIFE_GUI_Utils\train_log\RIFE2.1 --interp-start 0 --interp-cnt 1 --chunk 1 --bitrate 90.0M --preset fast --quick-extract 
2021-03-12 20:53:53,828 - RIFE_GUI_Backend - 219 - INFO - [GUI]: Start
2021-03-12 20:54:49,164 - RIFE_GUI_Backend - 74 - INFO - Change to Debug Path
2021-03-12 20:54:49,673 - RIFE_GUI_Backend - 237 - INFO - [GUI]: Previous Settings, Found, Loaded
2021-03-12 20:54:52,008 - RIFE_GUI_Backend - 325 - INFO - AutoSet find None
2021-03-12 20:54:52,553 - RIFE_GUI_Backend - 428 - INFO - NVIDIA data: {'0': 'GeForce RTX 2060 with Max-Q Design, 6.0 GB'}
2021-03-12 20:54:53,987 - RIFE_GUI_Backend - 483 - INFO - [Main]: Start Loading Settings
2021-03-12 20:54:53,988 - RIFE_GUI_Backend - 565 - INFO - [Main]: Download all settings
2021-03-12 20:54:54,527 - RIFE_GUI_Backend - 216 - INFO - [GUI]: Designed Command:
python D:\60-fps-Project\arXiv2020-RIFE-main\RIFE_GUI\one_line_shot_args_v6.2alpha.py --input "D:/60-fps-Project/input_or_ref/agawaht/aga_test_1.mp4" --output D:/60-fps-Project/input_or_ref/agawaht --fps 24.0 --target-fps 96.0 --ratio 2 --crf 16 --scale 1.00 --model D:\60-fps-Project\arXiv2020-RIFE-main\RIFE_GUI\train_log\RIFE2.1 --interp-start 0 --interp-cnt 1 --chunk 1 --bitrate 90.0M --preset fast --quick-extract 
2021-03-12 20:54:54,529 - RIFE_GUI_Backend - 219 - INFO - [GUI]: Start
2021-03-12 20:55:07,817 - RIFE_GUI_Backend - 483 - INFO - [Main]: Start Loading Settings
2021-03-12 20:55:07,818 - RIFE_GUI_Backend - 565 - INFO - [Main]: Download all settings
2021-03-12 20:55:08,496 - RIFE_GUI_Backend - 216 - INFO - [GUI]: Designed Command:
python D:\60-fps-Project\arXiv2020-RIFE-main\RIFE_GUI\one_line_shot_args_v6.2alpha.py --input "D:/60-fps-Project/input_or_ref/agawaht/aga_test_1.mp4" --output D:/60-fps-Project/input_or_ref/agawaht --fps 24.0 --target-fps 96.0 --ratio 2 --crf 16 --scale 1.00 --model D:\60-fps-Project\arXiv2020-RIFE-main\RIFE_GUI\train_log\RIFE2.1 --interp-start 0 --interp-cnt 1 --chunk 1 --bitrate 90.0M --preset fast --quick-extract 
2021-03-12 20:55:08,497 - RIFE_GUI_Backend - 219 - INFO - [GUI]: Start
2021-03-12 20:56:50,778 - RIFE_GUI_Backend - 483 - INFO - [Main]: Start Loading Settings
2021-03-12 20:56:50,778 - RIFE_GUI_Backend - 565 - INFO - [Main]: Download all settings
2021-03-12 20:57:11,860 - RIFE_GUI_Backend - 483 - INFO - [Main]: Start Loading Settings
2021-03-12 20:57:11,860 - RIFE_GUI_Backend - 565 - INFO - [Main]: Download all settings
2021-03-12 20:57:12,348 - RIFE_GUI_Backend - 216 - INFO - [GUI]: Designed Command:
python D:\60-fps-Project\arXiv2020-RIFE-main\RIFE_GUI\one_line_shot_args_v6.2alpha.py --input "D:/60-fps-Project/input_or_ref/agawaht/aga_test_1.mp4" --output D:/60-fps-Project/input_or_ref/agawaht --fps 24.0 --target-fps 96.0 --ratio 2 --crf 16 --scale 1.00 --model D:\60-fps-Project\arXiv2020-RIFE-main\RIFE_GUI\train_log\RIFE2.1 --interp-start 0 --interp-cnt 1 --chunk 1 --bitrate 90.0M --preset fast --quick-extract 
2021-03-12 20:57:12,349 - RIFE_GUI_Backend - 219 - INFO - [GUI]: Start
2021-03-12 21:03:20,788 - RIFE_GUI_Backend - 74 - INFO - Change to Debug Path
2021-03-12 21:03:21,318 - RIFE_GUI_Backend - 237 - INFO - [GUI]: Previous Settings, Found, Loaded
2021-03-12 21:04:19,165 - RIFE_GUI_Backend - 74 - INFO - Change to Debug Path
2021-03-12 21:04:19,694 - RIFE_GUI_Backend - 237 - INFO - [GUI]: Previous Settings, Found, Loaded
2021-03-12 21:04:23,563 - RIFE_GUI_Backend - 428 - INFO - NVIDIA data: {'0': 'GeForce RTX 2060 with Max-Q Design, 6.0 GB'}
2021-03-12 21:04:26,256 - RIFE_GUI_Backend - 327 - INFO - Found Previous Chunks
2021-03-12 21:05:49,832 - RIFE_GUI_Backend - 74 - INFO - Change to Debug Path
2021-03-12 21:05:50,357 - RIFE_GUI_Backend - 237 - INFO - [GUI]: Previous Settings, Found, Loaded
2021-03-12 21:05:53,997 - RIFE_GUI_Backend - 327 - INFO - Found Previous Chunks
2021-03-12 21:06:58,567 - RIFE_GUI_Backend - 74 - INFO - Change to Debug Path
2021-03-12 21:06:59,095 - RIFE_GUI_Backend - 237 - INFO - [GUI]: Previous Settings, Found, Loaded
2021-03-12 21:07:00,786 - RIFE_GUI_Backend - 325 - INFO - AutoSet find None
2021-03-12 21:07:18,632 - RIFE_GUI_Backend - 428 - INFO - NVIDIA data: {'0': 'GeForce RTX 2060 with Max-Q Design, 6.0 GB'}
2021-03-12 21:07:53,331 - RIFE_GUI_Backend - 483 - INFO - [Main]: Start Loading Settings
2021-03-12 21:07:53,331 - RIFE_GUI_Backend - 565 - INFO - [Main]: Download all settings
2021-03-12 21:08:06,725 - RIFE_GUI_Backend - 428 - INFO - NVIDIA data: {'0': 'GeForce RTX 2060 with Max-Q Design, 6.0 GB'}
2021-03-12 21:08:10,779 - RIFE_GUI_Backend - 483 - INFO - [Main]: Start Loading Settings
2021-03-12 21:08:10,779 - RIFE_GUI_Backend - 565 - INFO - [Main]: Download all settings
2021-03-12 21:08:11,324 - RIFE_GUI_Backend - 216 - INFO - [GUI]: Designed Command:
python D:\60-fps-Project\arXiv2020-RIFE-main\RIFE_GUI\one_line_shot_args_v6.2alpha.py --input "D:/60-fps-Project/input_or_ref/agawaht/aga_test_1.mp4" --output D:/60-fps-Project/input_or_ref/agawaht --fps 24.0 --target-fps 96.0 --ratio 2 --crf 16 --scale 1.00 --model D:\60-fps-Project\arXiv2020-RIFE-main\RIFE_GUI\train_log\RIFE2.4 --interp-start 0 --interp-cnt 1 --chunk 1 --bitrate 90.0M --preset fast --quick-extract --output-only 
2021-03-12 21:08:11,327 - RIFE_GUI_Backend - 219 - INFO - [GUI]: Start
2021-03-12 21:10:19,608 - RIFE_GUI_Backend - 74 - INFO - Change to Debug Path
2021-03-12 21:10:20,101 - RIFE_GUI_Backend - 237 - INFO - [GUI]: Previous Settings, Found, Loaded
2021-03-12 21:10:22,843 - RIFE_GUI_Backend - 428 - INFO - NVIDIA data: {'0': 'GeForce RTX 2060 with Max-Q Design, 6.0 GB'}
2021-03-12 21:10:23,833 - RIFE_GUI_Backend - 483 - INFO - [Main]: Start Loading Settings
2021-03-12 21:10:23,834 - RIFE_GUI_Backend - 565 - INFO - [Main]: Download all settings
2021-03-12 21:10:25,167 - RIFE_GUI_Backend - 216 - INFO - [GUI]: Designed Command:
python D:\60-fps-Project\arXiv2020-RIFE-main\RIFE_GUI\one_line_shot_args_v6.2alpha.py --input "D:/60-fps-Project/input_or_ref/agawaht/aga_test_1.mp4" --output D:/60-fps-Project/input_or_ref/agawaht --fps 24.0 --target-fps 96.0 --ratio 2 --crf 16 --scale 1.00 --model D:\60-fps-Project\arXiv2020-RIFE-main\RIFE_GUI\train_log\RIFE2.1 --bitrate 90.0M --preset fast --quick-extract --output-only 
2021-03-12 21:10:25,169 - RIFE_GUI_Backend - 219 - INFO - [GUI]: Start
2021-03-12 21:11:46,562 - RIFE_GUI_Backend - 74 - INFO - Change to Debug Path
2021-03-12 21:11:47,085 - RIFE_GUI_Backend - 237 - INFO - [GUI]: Previous Settings, Found, Loaded
2021-03-12 21:11:50,076 - RIFE_GUI_Backend - 428 - INFO - NVIDIA data: {'0': 'GeForce RTX 2060 with Max-Q Design, 6.0 GB'}
2021-03-12 21:11:53,130 - RIFE_GUI_Backend - 483 - INFO - [Main]: Start Loading Settings
2021-03-12 21:11:53,130 - RIFE_GUI_Backend - 565 - INFO - [Main]: Download all settings
2021-03-12 21:11:56,522 - RIFE_GUI_Backend - 483 - INFO - [Main]: Start Loading Settings
2021-03-12 21:11:56,522 - RIFE_GUI_Backend - 565 - INFO - [Main]: Download all settings
2021-03-12 21:11:56,979 - RIFE_GUI_Backend - 216 - INFO - [GUI]: Designed Command:
python D:\60-fps-Project\arXiv2020-RIFE-main\RIFE_GUI\one_line_shot_args_v6.2alpha.py --input "D:/60-fps-Project/input_or_ref/agawaht/aga_test_1.mp4" --output D:/60-fps-Project/input_or_ref/agawaht --fps 24.0 --target-fps 96.0 --ratio 2 --crf 16 --scale 1.00 --model D:\60-fps-Project\arXiv2020-RIFE-main\RIFE_GUI\train_log\RIFE2.1 --bitrate 90.0M --preset fast --quick-extract --output-only 
2021-03-12 21:11:56,981 - RIFE_GUI_Backend - 219 - INFO - [GUI]: Start
2021-03-12 21:12:38,429 - RIFE_GUI_Backend - 483 - INFO - [Main]: Start Loading Settings
2021-03-12 21:12:38,429 - RIFE_GUI_Backend - 565 - INFO - [Main]: Download all settings
2021-03-12 21:12:38,908 - RIFE_GUI_Backend - 216 - INFO - [GUI]: Designed Command:
python D:\60-fps-Project\arXiv2020-RIFE-main\RIFE_GUI\one_line_shot_args_v6.2alpha.py --input "D:/60-fps-Project/input_or_ref/agawaht/aga_test_1.mp4" --output D:/60-fps-Project/input_or_ref/agawaht --fps 24.0 --target-fps 96.0 --ratio 2 --crf 16 --scale 1.00 --model D:\60-fps-Project\arXiv2020-RIFE-main\RIFE_GUI\train_log\RIFE2.1 --bitrate 90.0M --preset fast --quick-extract --output-only 
2021-03-12 21:12:38,910 - RIFE_GUI_Backend - 219 - INFO - [GUI]: Start
2021-03-12 21:14:00,995 - RIFE_GUI_Backend - 74 - INFO - Change to Debug Path
2021-03-12 21:14:01,535 - RIFE_GUI_Backend - 237 - INFO - [GUI]: Previous Settings, Found, Loaded
2021-03-12 21:14:05,799 - RIFE_GUI_Backend - 325 - INFO - AutoSet find None
2021-03-12 21:14:27,327 - RIFE_GUI_Backend - 428 - INFO - NVIDIA data: {'0': 'GeForce RTX 2060 with Max-Q Design, 6.0 GB'}
2021-03-12 21:14:29,651 - RIFE_GUI_Backend - 483 - INFO - [Main]: Start Loading Settings
2021-03-12 21:14:29,652 - RIFE_GUI_Backend - 565 - INFO - [Main]: Download all settings
2021-03-12 21:14:30,441 - RIFE_GUI_Backend - 216 - INFO - [GUI]: Designed Command:
python D:\60-fps-Project\arXiv2020-RIFE-main\RIFE_GUI\one_line_shot_args_v6.2alpha.py --input "D:/60-fps-Project/input_or_ref/agawaht/aga_test_1.mp4" --output D:/60-fps-Project/input_or_ref/agawaht --fps 24.0 --target-fps 96.0 --ratio 2 --crf 16 --scale 1.00 --model D:\60-fps-Project\arXiv2020-RIFE-main\RIFE_GUI\train_log\RIFE2.3 --interp-start 0 --interp-cnt 1 --chunk 1 --resize 320x180 --bitrate 90.0M --preset fast --hwaccel --quick-extract --output-only 
2021-03-12 21:14:30,443 - RIFE_GUI_Backend - 219 - INFO - [GUI]: Start
2021-03-12 21:16:10,449 - RIFE_GUI_Backend - 74 - INFO - Change to Debug Path
2021-03-12 21:16:10,981 - RIFE_GUI_Backend - 237 - INFO - [GUI]: Previous Settings, Found, Loaded
2021-03-12 21:16:15,760 - RIFE_GUI_Backend - 428 - INFO - NVIDIA data: {'0': 'GeForce RTX 2060 with Max-Q Design, 6.0 GB'}
2021-03-12 21:16:17,781 - RIFE_GUI_Backend - 483 - INFO - [Main]: Start Loading Settings
2021-03-12 21:16:17,781 - RIFE_GUI_Backend - 565 - INFO - [Main]: Download all settings
2021-03-12 21:16:18,390 - RIFE_GUI_Backend - 216 - INFO - [GUI]: Designed Command:
python D:\60-fps-Project\arXiv2020-RIFE-main\RIFE_GUI\one_line_shot_args_v6.2alpha.py --input "D:/60-fps-Project/input_or_ref/agawaht/aga_test_1.mp4" --output D:/60-fps-Project/input_or_ref/agawaht --fps 24.0 --target-fps 96.0 --ratio 2 --crf 16 --scale 1.00 --model D:\60-fps-Project\arXiv2020-RIFE-main\RIFE_GUI\train_log\RIFE2.3 --resize 320x180 --bitrate 90.0M --preset fast --hwaccel --quick-extract --audio --output-only 
2021-03-12 21:16:18,392 - RIFE_GUI_Backend - 219 - INFO - [GUI]: Start
2021-03-12 21:17:33,970 - RIFE_GUI_Backend - 74 - INFO - Change to Debug Path
2021-03-12 21:17:34,510 - RIFE_GUI_Backend - 237 - INFO - [GUI]: Previous Settings, Found, Loaded
2021-03-12 21:20:19,875 - RIFE_GUI_Backend - 74 - INFO - Change to Debug Path
2021-03-12 21:20:20,411 - RIFE_GUI_Backend - 237 - INFO - [GUI]: Previous Settings, Found, Loaded
2021-03-12 21:20:43,875 - RIFE_GUI_Backend - 325 - INFO - AutoSet find None
2021-03-12 21:21:10,376 - RIFE_GUI_Backend - 428 - INFO - NVIDIA data: {'0': 'GeForce RTX 2060 with Max-Q Design, 6.0 GB'}
2021-03-12 21:21:14,105 - RIFE_GUI_Backend - 484 - INFO - [Main]: Start Loading Settings
2021-03-12 21:21:14,105 - RIFE_GUI_Backend - 566 - INFO - [Main]: Download all settings
2021-03-12 21:21:15,229 - RIFE_GUI_Backend - 216 - INFO - [GUI]: Designed Command:
python D:\60-fps-Project\arXiv2020-RIFE-main\RIFE_GUI\one_line_shot_args_v6.2alpha.py --input "F:/Justin/Movies/Raya.and.the.Last.Dragon.2021.2160p.DSNP.WEB-DL.x265.10bit.HDR.DDP5.1-NOGRP/Raya.2160p.3s.mp4" --output F:/Justin/Movies/Raya.and.the.Last.Dragon.2021.2160p.DSNP.WEB-DL.x265.10bit.HDR.DDP5.1-NOGRP --fps 23.97838 --target-fps 95.91352 --ratio 2 --crf 16 --scale 1.00 --model D:\60-fps-Project\arXiv2020-RIFE-main\RIFE_GUI\train_log\RIFE2.4 --interp-start 0 --interp-cnt 1 --chunk 1 --crop 3840:1608:0:276 --bitrate 90.0M --preset fast --HDR --hwaccel --quick-extract --audio --output-only 
2021-03-12 21:21:15,231 - RIFE_GUI_Backend - 219 - INFO - [GUI]: Start
2021-03-12 21:28:36,980 - RIFE_GUI_Backend - 428 - INFO - NVIDIA data: {'0': 'GeForce RTX 2060 with Max-Q Design, 6.0 GB'}
2021-03-12 21:28:38,640 - RIFE_GUI_Backend - 484 - INFO - [Main]: Start Loading Settings
2021-03-12 21:28:38,641 - RIFE_GUI_Backend - 566 - INFO - [Main]: Download all settings
2021-03-12 21:28:39,440 - RIFE_GUI_Backend - 216 - INFO - [GUI]: Designed Command:
python D:\60-fps-Project\arXiv2020-RIFE-main\RIFE_GUI\one_line_shot_args_v6.2alpha.py --input "F:/Justin/Movies/Raya.and.the.Last.Dragon.2021.2160p.DSNP.WEB-DL.x265.10bit.HDR.DDP5.1-NOGRP/Raya.2160p.10s.mp4" --output F:/Justin/Movies/Raya.and.the.Last.Dragon.2021.2160p.DSNP.WEB-DL.x265.10bit.HDR.DDP5.1-NOGRP --fps 23.97838 --target-fps 95.91352 --ratio 2 --crf 16 --scale 0.25 --model D:\60-fps-Project\arXiv2020-RIFE-main\RIFE_GUI\train_log\RIFE2.4 --interp-start 0 --interp-cnt 1 --chunk 1 --crop 3840:1608:0:276 --bitrate 90.0M --preset fast --HDR --hwaccel --quick-extract --audio --output-only 
2021-03-12 21:28:39,440 - RIFE_GUI_Backend - 219 - INFO - [GUI]: Start
2021-03-12 21:41:10,573 - RIFE_GUI_Backend - 74 - INFO - Change to Debug Path
2021-03-12 21:41:11,125 - RIFE_GUI_Backend - 238 - INFO - [GUI]: Previous Settings, Found, Loaded
2021-03-12 21:41:48,847 - RIFE_GUI_Backend - 74 - INFO - Change to Debug Path
2021-03-12 21:41:49,339 - RIFE_GUI_Backend - 238 - INFO - [GUI]: Previous Settings, Found, Loaded
2021-03-12 21:42:07,922 - RIFE_GUI_Backend - 326 - INFO - AutoSet find None
2021-03-12 21:42:18,598 - RIFE_GUI_Backend - 429 - INFO - NVIDIA data: {'0': 'GeForce RTX 2060 with Max-Q Design, 6.0 GB'}
2021-03-12 21:42:21,355 - RIFE_GUI_Backend - 485 - INFO - [Main]: Start Loading Settings
2021-03-12 21:42:21,355 - RIFE_GUI_Backend - 567 - INFO - [Main]: Download all settings
2021-03-12 21:42:22,565 - RIFE_GUI_Backend - 485 - INFO - [Main]: Start Loading Settings
2021-03-12 21:42:22,565 - RIFE_GUI_Backend - 567 - INFO - [Main]: Download all settings
2021-03-12 21:42:24,452 - RIFE_GUI_Backend - 217 - INFO - [GUI]: Designed Command:
python D:\60-fps-Project\arXiv2020-RIFE-main\RIFE_GUI\one_line_shot_args_v6.2alpha.py --input "D:/60-fps-Project/input_or_ref/agawaht/无字视频.mp4" --output D:/60-fps-Project/input_or_ref/agawaht --fps 24.00000 --target-fps 96.00000 --ratio 2 --crf 16 --scale 0.25 --model D:\60-fps-Project\arXiv2020-RIFE-main\RIFE_GUI\train_log\RIFE2.4 --interp-start 0 --interp-cnt 1 --chunk 1 --resize 320x180 --bitrate 90.0M --preset fast --HDR --hwaccel --quick-extract --audio --output-only 
2021-03-12 21:42:24,454 - RIFE_GUI_Backend - 220 - INFO - [GUI]: Start
2021-03-12 21:42:59,414 - RIFE_GUI_Backend - 74 - INFO - Change to Debug Path
2021-03-12 21:42:59,943 - RIFE_GUI_Backend - 238 - INFO - [GUI]: Previous Settings, Found, Loaded
2021-03-12 21:43:02,433 - RIFE_GUI_Backend - 328 - INFO - Found Previous Chunks
2021-03-12 21:43:45,234 - RIFE_GUI_Backend - 74 - INFO - Change to Debug Path
2021-03-12 21:43:45,760 - RIFE_GUI_Backend - 238 - INFO - [GUI]: Previous Settings, Found, Loaded
2021-03-12 21:43:48,552 - RIFE_GUI_Backend - 328 - INFO - Found Previous Chunks
2021-03-12 21:44:23,828 - RIFE_GUI_Backend - 74 - INFO - Change to Debug Path
2021-03-12 21:44:24,340 - RIFE_GUI_Backend - 238 - INFO - [GUI]: Previous Settings, Found, Loaded
2021-03-12 21:44:25,138 - RIFE_GUI_Backend - 485 - INFO - [Main]: Start Loading Settings
2021-03-12 21:44:25,139 - RIFE_GUI_Backend - 567 - INFO - [Main]: Download all settings
2021-03-12 21:44:27,286 - RIFE_GUI_Backend - 328 - INFO - Found Previous Chunks
2021-03-12 21:46:15,647 - RIFE_GUI_Backend - 74 - INFO - Change to Debug Path
2021-03-12 21:47:11,988 - RIFE_GUI_Backend - 74 - INFO - Change to Debug Path
2021-03-12 21:47:25,768 - RIFE_GUI_Backend - 74 - INFO - Change to Debug Path
2021-03-12 21:47:26,279 - RIFE_GUI_Backend - 239 - INFO - [GUI]: Previous Settings, Found, Loaded
2021-03-12 21:47:29,626 - RIFE_GUI_Backend - 329 - INFO - Found Previous Chunks
2021-03-12 21:47:29,628 - RIFE_GUI_Backend - 350 - INFO - AutoSet Ready
2021-03-12 21:49:04,638 - RIFE_GUI_Backend - 74 - INFO - Change to Debug Path
2021-03-12 21:49:05,169 - RIFE_GUI_Backend - 239 - INFO - [GUI]: Previous Settings, Found, Loaded
2021-03-12 21:49:06,901 - RIFE_GUI_Backend - 329 - INFO - Found Previous Chunks
2021-03-12 21:49:06,902 - RIFE_GUI_Backend - 338 - INFO - AutoSet Remove and found none
2021-03-12 21:49:09,252 - RIFE_GUI_Backend - 430 - INFO - NVIDIA data: {'0': 'GeForce RTX 2060 with Max-Q Design, 6.0 GB'}
2021-03-12 21:49:15,503 - RIFE_GUI_Backend - 486 - INFO - [Main]: Start Loading Settings
2021-03-12 21:49:15,503 - RIFE_GUI_Backend - 568 - INFO - [Main]: Download all settings
2021-03-12 21:49:16,260 - RIFE_GUI_Backend - 217 - INFO - [GUI]: Designed Command:
python D:\60-fps-Project\arXiv2020-RIFE-main\RIFE_GUI\one_line_shot_args_v6.2alpha.py --input "D:/60-fps-Project/input_or_ref/agawaht/无字视频.mp4" --output D:/60-fps-Project/input_or_ref/agawaht --fps 24.00000 --target-fps 96.00000 --ratio 2 --crf 16 --scale 0.25 --model D:\60-fps-Project\arXiv2020-RIFE-main\RIFE_GUI\train_log\RIFE2.4 --interp-start 0 --interp-cnt 1 --chunk 1 --resize 320x180 --bitrate 90.0M --preset fast --hwaccel --quick-extract --audio --output-only 
2021-03-12 21:49:16,261 - RIFE_GUI_Backend - 220 - INFO - [GUI]: Start
2021-03-12 21:49:46,138 - RIFE_GUI_Backend - 486 - INFO - [Main]: Start Loading Settings
2021-03-12 21:49:46,138 - RIFE_GUI_Backend - 568 - INFO - [Main]: Download all settings
2021-03-12 21:50:00,193 - RIFE_GUI_Backend - 74 - INFO - Change to Debug Path
2021-03-12 21:50:00,717 - RIFE_GUI_Backend - 239 - INFO - [GUI]: Previous Settings, Found, Loaded
2021-03-12 21:50:01,900 - RIFE_GUI_Backend - 486 - INFO - [Main]: Start Loading Settings
2021-03-12 21:50:01,901 - RIFE_GUI_Backend - 568 - INFO - [Main]: Download all settings
2021-03-12 21:50:03,968 - RIFE_GUI_Backend - 329 - INFO - Found Previous Chunks
2021-03-12 21:50:03,969 - RIFE_GUI_Backend - 350 - INFO - AutoSet Ready
2021-03-12 21:50:24,245 - RIFE_GUI_Backend - 74 - INFO - Change to Debug Path
2021-03-12 21:50:24,791 - RIFE_GUI_Backend - 239 - INFO - [GUI]: Previous Settings, Found, Loaded
2021-03-12 21:50:26,308 - RIFE_GUI_Backend - 329 - INFO - Found Previous Chunks
2021-03-12 21:50:26,310 - RIFE_GUI_Backend - 350 - INFO - AutoSet Ready
2021-03-12 21:50:27,747 - RIFE_GUI_Backend - 430 - INFO - NVIDIA data: {'0': 'GeForce RTX 2060 with Max-Q Design, 6.0 GB'}
2021-03-12 21:50:31,762 - RIFE_GUI_Backend - 486 - INFO - [Main]: Start Loading Settings
2021-03-12 21:50:31,763 - RIFE_GUI_Backend - 568 - INFO - [Main]: Download all settings
2021-03-12 21:50:33,089 - RIFE_GUI_Backend - 217 - INFO - [GUI]: Designed Command:
python D:\60-fps-Project\arXiv2020-RIFE-main\RIFE_GUI\one_line_shot_args_v6.2alpha.py --input "D:/60-fps-Project/input_or_ref/agawaht/无字视频.mp4" --output D:/60-fps-Project/input_or_ref/agawaht --fps 24.00000 --target-fps 96.00000 --ratio 2 --crf 16 --scale 0.25 --model D:\60-fps-Project\arXiv2020-RIFE-main\RIFE_GUI\train_log\RIFE2.4 --interp-start 500 --interp-cnt 2001 --chunk 3 --resize 320x180 --bitrate 90.0M --preset fast --hwaccel --quick-extract --audio --output-only 
2021-03-12 21:50:33,091 - RIFE_GUI_Backend - 220 - INFO - [GUI]: Start
2021-03-12 21:51:54,662 - RIFE_GUI_Backend - 74 - INFO - Change to Debug Path
2021-03-12 21:51:55,217 - RIFE_GUI_Backend - 239 - INFO - [GUI]: Previous Settings, Found, Loaded
2021-03-12 21:52:04,688 - RIFE_GUI_Backend - 329 - INFO - Found Previous Chunks
2021-03-12 21:52:04,690 - RIFE_GUI_Backend - 350 - INFO - AutoSet Ready
2021-03-12 21:52:07,311 - RIFE_GUI_Backend - 430 - INFO - NVIDIA data: {'0': 'GeForce RTX 2060 with Max-Q Design, 6.0 GB'}
2021-03-12 21:52:19,109 - RIFE_GUI_Backend - 486 - INFO - [Main]: Start Loading Settings
2021-03-12 21:52:19,109 - RIFE_GUI_Backend - 568 - INFO - [Main]: Download all settings
2021-03-12 21:52:19,641 - RIFE_GUI_Backend - 217 - INFO - [GUI]: Designed Command:
python D:\60-fps-Project\arXiv2020-RIFE-main\RIFE_GUI\one_line_shot_args_v6.2alpha.py --input "D:/60-fps-Project/input_or_ref/agawaht/无字视频.mp4" --output D:/60-fps-Project/input_or_ref/agawaht --fps 24.00000 --target-fps 96.00000 --ratio 2 --crf 16 --scale 0.25 --model D:\60-fps-Project\arXiv2020-RIFE-main\RIFE_GUI\train_log\RIFE2.4 --interp-start 250 --interp-cnt 1001 --chunk 2 --resize 320x180 --bitrate 90.0M --preset fast --hwaccel --quick-extract --audio --output-only 
2021-03-12 21:52:19,643 - RIFE_GUI_Backend - 220 - INFO - [GUI]: Start
2021-03-12 21:54:03,517 - RIFE_GUI_Backend - 74 - INFO - Change to Debug Path
2021-03-12 21:54:04,147 - RIFE_GUI_Backend - 239 - INFO - [GUI]: Previous Settings, Found, Loaded
2021-03-12 21:54:08,952 - RIFE_GUI_Backend - 329 - INFO - Found Previous Chunks
2021-03-12 21:54:08,953 - RIFE_GUI_Backend - 350 - INFO - AutoSet Ready
2021-03-12 21:54:16,723 - RIFE_GUI_Backend - 430 - INFO - NVIDIA data: {'0': 'GeForce RTX 2060 with Max-Q Design, 6.0 GB'}
2021-03-12 21:54:20,518 - RIFE_GUI_Backend - 486 - INFO - [Main]: Start Loading Settings
2021-03-12 21:54:20,518 - RIFE_GUI_Backend - 568 - INFO - [Main]: Download all settings
2021-03-12 21:54:21,254 - RIFE_GUI_Backend - 217 - INFO - [GUI]: Designed Command:
python D:\60-fps-Project\arXiv2020-RIFE-main\RIFE_GUI\one_line_shot_args_v6.2alpha.py --input "D:/60-fps-Project/input_or_ref/agawaht/无字视频.mp4" --output D:/60-fps-Project/input_or_ref/agawaht --fps 24.00000 --target-fps 96.00000 --ratio 2 --crf 16 --scale 0.25 --model D:\60-fps-Project\arXiv2020-RIFE-main\RIFE_GUI\train_log\RIFE2.4 --interp-start 2250 --interp-cnt 9001 --chunk 9 --resize 320x180 --bitrate 90.0M --preset fast --hwaccel --quick-extract --audio --output-only 
2021-03-12 21:54:21,256 - RIFE_GUI_Backend - 220 - INFO - [GUI]: Start
2021-03-12 21:55:34,653 - RIFE_GUI_Backend - 486 - INFO - [Main]: Start Loading Settings
2021-03-12 21:55:34,654 - RIFE_GUI_Backend - 568 - INFO - [Main]: Download all settings
2021-03-12 22:05:22,913 - RIFE_GUI_Backend - 486 - INFO - [Main]: Start Loading Settings
2021-03-12 22:05:22,913 - RIFE_GUI_Backend - 568 - INFO - [Main]: Download all settings
2021-03-12 22:05:23,713 - RIFE_GUI_Backend - 217 - INFO - [GUI]: Designed Command:
python D:\60-fps-Project\arXiv2020-RIFE-main\RIFE_GUI\one_line_shot_args_v6.2alpha.py --input "G:/RIFE-Interpolation/tmp/SY/frames" --output G:/RIFE-Interpolation/tmp/SY/interp --fps 0.00000 --target-fps 0.00000 --ratio 2 --crf 16 --scale 0.25 --model D:\60-fps-Project\arXiv2020-RIFE-main\RIFE_GUI\train_log\RIFE2.4 --interp-start 2250 --interp-cnt 9001 --chunk 9 --resize 320x180 --bitrate 90.0M --preset fast --hwaccel --quick-extract --audio --img-input --output-only 
2021-03-12 22:05:23,714 - RIFE_GUI_Backend - 220 - INFO - [GUI]: Start
2021-03-12 22:05:58,923 - RIFE_GUI_Backend - 486 - INFO - [Main]: Start Loading Settings
2021-03-12 22:05:58,923 - RIFE_GUI_Backend - 568 - INFO - [Main]: Download all settings
2021-03-12 22:05:59,443 - RIFE_GUI_Backend - 217 - INFO - [GUI]: Designed Command:
python D:\60-fps-Project\arXiv2020-RIFE-main\RIFE_GUI\one_line_shot_args_v6.2alpha.py --input "G:/RIFE-Interpolation/tmp/SY/frames" --output G:/RIFE-Interpolation/tmp/SY/interp --fps 0.00000 --target-fps 0.00000 --ratio 2 --crf 16 --scale 0.25 --model D:\60-fps-Project\arXiv2020-RIFE-main\RIFE_GUI\train_log\RIFE2.4 --interp-start 2250 --interp-cnt 9001 --chunk 9 --resize 320x180 --bitrate 90.0M --preset fast --hwaccel --quick-extract --audio --img-input --output-only 
2021-03-12 22:05:59,444 - RIFE_GUI_Backend - 220 - INFO - [GUI]: Start
2021-03-12 22:08:30,014 - RIFE_GUI_Backend - 486 - INFO - [Main]: Start Loading Settings
2021-03-12 22:08:30,015 - RIFE_GUI_Backend - 568 - INFO - [Main]: Download all settings
2021-03-12 22:08:30,506 - RIFE_GUI_Backend - 217 - INFO - [GUI]: Designed Command:
python D:\60-fps-Project\arXiv2020-RIFE-main\RIFE_GUI\one_line_shot_args_v6.2alpha.py --input "G:/RIFE-Interpolation/tmp/SY/frames" --output G:/RIFE-Interpolation/tmp/SY/interp --fps 0.00000 --target-fps 0.00000 --ratio 2 --crf 16 --scale 0.25 --model D:\60-fps-Project\arXiv2020-RIFE-main\RIFE_GUI\train_log\RIFE2.4 --interp-start 2250 --interp-cnt 9001 --chunk 9 --resize 320x180 --bitrate 90.0M --preset fast --hwaccel --quick-extract --audio --img-input --output-only 
2021-03-12 22:08:30,507 - RIFE_GUI_Backend - 220 - INFO - [GUI]: Start
2021-03-12 22:09:23,896 - RIFE_GUI_Backend - 486 - INFO - [Main]: Start Loading Settings
2021-03-12 22:09:23,897 - RIFE_GUI_Backend - 568 - INFO - [Main]: Download all settings
2021-03-12 22:09:24,407 - RIFE_GUI_Backend - 217 - INFO - [GUI]: Designed Command:
python D:\60-fps-Project\arXiv2020-RIFE-main\RIFE_GUI\one_line_shot_args_v6.2alpha.py --input "G:/RIFE-Interpolation/tmp/SY/frames" --output G:/RIFE-Interpolation/tmp/SY/interp --fps 0.00000 --target-fps 0.00000 --ratio 2 --crf 16 --scale 0.25 --model D:\60-fps-Project\arXiv2020-RIFE-main\RIFE_GUI\train_log\RIFE2.4 --interp-start 2250 --interp-cnt 9001 --chunk 9 --resize 320x180 --bitrate 90.0M --preset fast --hwaccel --quick-extract --audio --img-input --output-only 
2021-03-12 22:09:24,408 - RIFE_GUI_Backend - 220 - INFO - [GUI]: Start
2021-03-12 22:11:32,269 - RIFE_GUI_Backend - 486 - INFO - [Main]: Start Loading Settings
2021-03-12 22:11:32,269 - RIFE_GUI_Backend - 568 - INFO - [Main]: Download all settings
2021-03-12 22:11:32,759 - RIFE_GUI_Backend - 217 - INFO - [GUI]: Designed Command:
python D:\60-fps-Project\arXiv2020-RIFE-main\RIFE_GUI\one_line_shot_args_v6.2alpha.py --input "G:/RIFE-Interpolation/tmp/SY/frames" --output G:/RIFE-Interpolation/tmp/SY/interp --fps 0.00000 --target-fps 0.00000 --ratio 2 --crf 16 --scale 0.25 --model D:\60-fps-Project\arXiv2020-RIFE-main\RIFE_GUI\train_log\RIFE2.4 --interp-start 2250 --interp-cnt 9001 --chunk 9 --resize 320x180 --bitrate 90.0M --preset fast --hwaccel --quick-extract --audio --img-input --output-only 
2021-03-12 22:11:32,760 - RIFE_GUI_Backend - 220 - INFO - [GUI]: Start
2021-03-12 22:12:49,119 - RIFE_GUI_Backend - 486 - INFO - [Main]: Start Loading Settings
2021-03-12 22:12:49,120 - RIFE_GUI_Backend - 568 - INFO - [Main]: Download all settings
2021-03-12 22:12:51,039 - RIFE_GUI_Backend - 217 - INFO - [GUI]: Designed Command:
python D:\60-fps-Project\arXiv2020-RIFE-main\RIFE_GUI\one_line_shot_args_v6.2alpha.py --input "G:/RIFE-Interpolation/tmp/SY/frames" --output G:/RIFE-Interpolation/tmp/SY/interp --fps 0.00000 --target-fps 0.00000 --ratio 2 --crf 16 --scale 0.25 --model D:\60-fps-Project\arXiv2020-RIFE-main\RIFE_GUI\train_log\RIFE2.4 --interp-start 2250 --interp-cnt 9001 --chunk 9 --resize 320x180 --bitrate 90.0M --preset fast --hwaccel --quick-extract --audio --img-input --output-only 
2021-03-12 22:12:51,040 - RIFE_GUI_Backend - 220 - INFO - [GUI]: Start
2021-03-12 22:13:26,929 - RIFE_GUI_Backend - 486 - INFO - [Main]: Start Loading Settings
2021-03-12 22:13:26,930 - RIFE_GUI_Backend - 568 - INFO - [Main]: Download all settings
2021-03-12 22:13:36,896 - RIFE_GUI_Backend - 74 - INFO - Change to Debug Path
2021-03-12 22:13:37,581 - RIFE_GUI_Backend - 239 - INFO - [GUI]: Previous Settings, Found, Loaded
2021-03-12 22:15:36,864 - RIFE_GUI_Backend - 74 - INFO - Change to Debug Path
2021-03-12 22:15:37,461 - RIFE_GUI_Backend - 239 - INFO - [GUI]: Previous Settings, Found, Loaded
2021-03-12 22:17:49,627 - RIFE_GUI_Backend - 74 - INFO - Change to Debug Path
2021-03-12 22:17:50,265 - RIFE_GUI_Backend - 239 - INFO - [GUI]: Previous Settings, Found, Loaded
2021-03-12 22:18:36,169 - RIFE_GUI_Backend - 74 - INFO - Change to Debug Path
2021-03-12 22:18:36,796 - RIFE_GUI_Backend - 239 - INFO - [GUI]: Previous Settings, Found, Loaded
2021-03-12 22:19:11,068 - RIFE_GUI_Backend - 74 - INFO - Change to Debug Path
2021-03-12 22:19:11,670 - RIFE_GUI_Backend - 239 - INFO - [GUI]: Previous Settings, Found, Loaded
2021-03-12 22:20:32,984 - RIFE_GUI_Backend - 74 - INFO - Change to Debug Path
2021-03-12 22:20:33,468 - RIFE_GUI_Backend - 239 - INFO - [GUI]: Previous Settings, Found, Loaded
2021-03-12 22:21:12,503 - RIFE_GUI_Backend - 74 - INFO - Change to Debug Path
2021-03-12 22:21:12,995 - RIFE_GUI_Backend - 239 - INFO - [GUI]: Previous Settings, Found, Loaded
2021-03-12 22:22:20,537 - RIFE_GUI_Backend - 74 - INFO - Change to Debug Path
2021-03-12 22:22:21,014 - RIFE_GUI_Backend - 239 - INFO - [GUI]: Previous Settings, Found, Loaded
2021-03-12 22:22:31,785 - RIFE_GUI_Backend - 433 - INFO - NVIDIA data: {'0': 'GeForce RTX 2060 with Max-Q Design, 6.0 GB'}
2021-03-12 22:22:36,986 - RIFE_GUI_Backend - 327 - INFO - AutoSet find None
2021-03-12 22:22:41,220 - RIFE_GUI_Backend - 490 - INFO - [Main]: Start Loading Settings
2021-03-12 22:22:41,220 - RIFE_GUI_Backend - 572 - INFO - [Main]: Download all settings
2021-03-12 22:22:43,636 - RIFE_GUI_Backend - 217 - INFO - [GUI]: Designed Command:
python D:\60-fps-Project\arXiv2020-RIFE-main\RIFE_GUI\one_line_shot_args_v6.2alpha.py --input "G:/RIFE-Interpolation/tmp/SY/frames" --output G:/RIFE-Interpolation/tmp/SY/interp --fps 23.976 --target-fps 95.90400 --ratio 2 --crf 16 --scale 0.25 --model D:\60-fps-Project\arXiv2020-RIFE-main\RIFE_GUI\train_log\RIFE2.4 --interp-start 0 --interp-cnt 1 --chunk 1 --resize 320x180 --bitrate 90.0M --preset fast --hwaccel --quick-extract --audio --img-input --output-only 
2021-03-12 22:22:43,639 - RIFE_GUI_Backend - 220 - INFO - [GUI]: Start
2021-03-12 22:24:44,638 - RIFE_GUI_Backend - 74 - INFO - Change to Debug Path
2021-03-12 22:24:45,178 - RIFE_GUI_Backend - 239 - INFO - [GUI]: Previous Settings, Found, Loaded
2021-03-12 22:24:48,599 - RIFE_GUI_Backend - 329 - INFO - Found Previous Chunks
2021-03-12 22:24:48,602 - RIFE_GUI_Backend - 350 - INFO - AutoSet Ready
2021-03-12 22:24:55,208 - RIFE_GUI_Backend - 433 - INFO - NVIDIA data: {'0': 'GeForce RTX 2060 with Max-Q Design, 6.0 GB'}
2021-03-12 22:24:59,121 - RIFE_GUI_Backend - 490 - INFO - [Main]: Start Loading Settings
2021-03-12 22:24:59,122 - RIFE_GUI_Backend - 572 - INFO - [Main]: Download all settings
2021-03-12 22:25:00,809 - RIFE_GUI_Backend - 217 - INFO - [GUI]: Designed Command:
python D:\60-fps-Project\arXiv2020-RIFE-main\RIFE_GUI\one_line_shot_args_v6.2alpha.py --input "G:/RIFE-Interpolation/tmp/SY/frames" --output G:/RIFE-Interpolation/tmp/SY/interp --fps 23.976 --target-fps 95.90400 --ratio 2 --crf 16 --scale 0.25 --model D:\60-fps-Project\arXiv2020-RIFE-main\RIFE_GUI\train_log\RIFE2.4 --interp-start 250 --interp-cnt 1001 --chunk 2 --resize 320x180 --bitrate 90.0M --preset fast --hwaccel --quick-extract --audio --img-input --img-output --output-only 
2021-03-12 22:25:00,812 - RIFE_GUI_Backend - 220 - INFO - [GUI]: Start
2021-03-12 22:28:32,523 - RIFE_GUI_Backend - 74 - INFO - Change to Debug Path
2021-03-12 22:28:33,012 - RIFE_GUI_Backend - 239 - INFO - [GUI]: Previous Settings, Found, Loaded
2021-03-12 22:28:35,845 - RIFE_GUI_Backend - 490 - INFO - [Main]: Start Loading Settings
2021-03-12 22:28:35,845 - RIFE_GUI_Backend - 572 - INFO - [Main]: Download all settings
2021-03-12 22:28:37,409 - RIFE_GUI_Backend - 433 - INFO - NVIDIA data: {'0': 'GeForce RTX 2060 with Max-Q Design, 6.0 GB'}
2021-03-12 22:28:38,250 - RIFE_GUI_Backend - 490 - INFO - [Main]: Start Loading Settings
2021-03-12 22:28:38,251 - RIFE_GUI_Backend - 572 - INFO - [Main]: Download all settings
2021-03-12 22:28:38,950 - RIFE_GUI_Backend - 217 - INFO - [GUI]: Designed Command:
python D:\60-fps-Project\arXiv2020-RIFE-main\RIFE_GUI\one_line_shot_args_v6.2alpha.py --input "G:/RIFE-Interpolation/tmp/SY/frames" --output G:/RIFE-Interpolation/tmp/SY/interp --fps 23.976 --target-fps 95.90400 --ratio 2 --crf 16 --scale 0.25 --model D:\60-fps-Project\arXiv2020-RIFE-main\RIFE_GUI\train_log\RIFE2.4 --resize 320x180 --bitrate 90.0M --preset fast --hwaccel --quick-extract --audio --img-input --img-output --output-only 
2021-03-12 22:28:38,953 - RIFE_GUI_Backend - 220 - INFO - [GUI]: Start
2021-03-12 22:33:08,410 - RIFE_GUI_Backend - 74 - INFO - Change to Debug Path
2021-03-12 22:33:08,918 - RIFE_GUI_Backend - 239 - INFO - [GUI]: Previous Settings, Found, Loaded
2021-03-12 22:33:11,410 - RIFE_GUI_Backend - 433 - INFO - NVIDIA data: {'0': 'GeForce RTX 2060 with Max-Q Design, 6.0 GB'}
2021-03-12 22:33:12,356 - RIFE_GUI_Backend - 490 - INFO - [Main]: Start Loading Settings
2021-03-12 22:33:12,356 - RIFE_GUI_Backend - 572 - INFO - [Main]: Download all settings
2021-03-12 22:33:12,845 - RIFE_GUI_Backend - 217 - INFO - [GUI]: Designed Command:
python D:\60-fps-Project\arXiv2020-RIFE-main\RIFE_GUI\one_line_shot_args_v6.2alpha.py --input "G:/RIFE-Interpolation/tmp/SY/frames" --output G:/RIFE-Interpolation/tmp/SY/interp --fps 23.976 --target-fps 95.90400 --ratio 2 --crf 16 --scale 0.25 --model D:\60-fps-Project\arXiv2020-RIFE-main\RIFE_GUI\train_log\RIFE2.4 --resize 320x180 --bitrate 90.0M --preset fast --hwaccel --quick-extract --audio --img-input --img-output --output-only 
2021-03-12 22:33:12,847 - RIFE_GUI_Backend - 220 - INFO - [GUI]: Start
2021-03-12 22:44:25,035 - RIFE_GUI_Backend - 74 - INFO - Change to Debug Path
2021-03-12 22:44:25,679 - RIFE_GUI_Backend - 239 - INFO - [GUI]: Previous Settings, Found, Loaded
2021-03-12 22:48:17,338 - RIFE_GUI_Backend - 74 - INFO - Change to Debug Path
2021-03-12 22:48:17,831 - RIFE_GUI_Backend - 239 - INFO - [GUI]: Previous Settings, Found, Loaded
2021-03-12 22:48:26,636 - RIFE_GUI_Backend - 433 - INFO - NVIDIA data: {'0': 'GeForce RTX 2060 with Max-Q Design, 6.0 GB'}
2021-03-12 22:48:30,801 - RIFE_GUI_Backend - 490 - INFO - [Main]: Start Loading Settings
2021-03-12 22:48:30,802 - RIFE_GUI_Backend - 572 - INFO - [Main]: Download all settings
2021-03-12 22:48:35,183 - RIFE_GUI_Backend - 490 - INFO - [Main]: Start Loading Settings
2021-03-12 22:48:35,184 - RIFE_GUI_Backend - 572 - INFO - [Main]: Download all settings
2021-03-12 22:49:13,425 - RIFE_GUI_Backend - 490 - INFO - [Main]: Start Loading Settings
2021-03-12 22:49:13,426 - RIFE_GUI_Backend - 572 - INFO - [Main]: Download all settings
2021-03-12 22:49:14,091 - RIFE_GUI_Backend - 217 - INFO - [GUI]: Designed Command:
python D:\60-fps-Project\arXiv2020-RIFE-main\RIFE_GUI\one_line_shot_args_v6.2alpha.py --input "G:/RIFE-Interpolation/tmp/SY/frames" --output G:/RIFE-Interpolation/tmp/SY/interp --fps 23.976 --target-fps 47.95200 --ratio 1 --crf 16 --scale 0.25 --model D:\60-fps-Project\arXiv2020-RIFE-main\RIFE_GUI\train_log\RIFE2.4 --resize 320x180 --bitrate 90.0M --preset fast --hwaccel --quick-extract --audio --img-input --output-only 
2021-03-12 22:49:14,094 - RIFE_GUI_Backend - 220 - INFO - [GUI]: Start
2021-03-12 22:59:13,845 - RIFE_GUI_Backend - 74 - INFO - Change to Debug Path
2021-03-12 22:59:14,341 - RIFE_GUI_Backend - 239 - INFO - [GUI]: Previous Settings, Found, Loaded
2021-03-12 22:59:17,718 - RIFE_GUI_Backend - 320 - INFO - Not Exists OutputFolder
2021-03-12 22:59:19,796 - RIFE_GUI_Backend - 320 - INFO - Not Exists OutputFolder
2021-03-12 23:00:26,277 - RIFE_GUI_Backend - 74 - INFO - Change to Debug Path
2021-03-12 23:00:26,766 - RIFE_GUI_Backend - 239 - INFO - [GUI]: Previous Settings, Found, Loaded
2021-03-12 23:00:31,727 - RIFE_GUI_Backend - 321 - INFO - Not Exists OutputFolder
2021-03-12 23:00:52,899 - RIFE_GUI_Backend - 335 - INFO - AutoSet find None
2021-03-12 23:00:57,404 - RIFE_GUI_Backend - 441 - INFO - NVIDIA data: {'0': 'GeForce RTX 2060 with Max-Q Design, 6.0 GB'}
2021-03-12 23:01:11,903 - RIFE_GUI_Backend - 499 - INFO - [Main]: Start Loading Settings
2021-03-12 23:01:11,903 - RIFE_GUI_Backend - 581 - INFO - [Main]: Download all settings
2021-03-12 23:01:15,754 - RIFE_GUI_Backend - 499 - INFO - [Main]: Start Loading Settings
2021-03-12 23:01:15,755 - RIFE_GUI_Backend - 581 - INFO - [Main]: Download all settings
2021-03-12 23:01:16,859 - RIFE_GUI_Backend - 217 - INFO - [GUI]: Designed Command:
python D:\60-fps-Project\arXiv2020-RIFE-main\RIFE_GUI\one_line_shot_args_v6.2alpha.py --input "G:/RIFE-Interpolation/tmp/SY/frames" --output G:/RIFE-Interpolation/tmp/SY --fps 23.976 --target-fps 95.90400 --ratio 2 --crf 16 --scale 0.25 --model D:\60-fps-Project\arXiv2020-RIFE-main\RIFE_GUI\train_log\RIFE2.3 --interp-start 0 --interp-cnt 1 --chunk 1 --resize 320x180 --bitrate 90.0M --preset fast --hwaccel --quick-extract --cpu --audio --img-input --img-output --output-only 
2021-03-12 23:01:16,862 - RIFE_GUI_Backend - 220 - INFO - [GUI]: Start
2021-03-12 23:38:16,061 - RIFE_GUI_Backend - 499 - INFO - [Main]: Start Loading Settings
2021-03-12 23:38:16,062 - RIFE_GUI_Backend - 581 - INFO - [Main]: Download all settings
2021-03-12 23:38:17,142 - RIFE_GUI_Backend - 217 - INFO - [GUI]: Designed Command:
python D:\60-fps-Project\arXiv2020-RIFE-main\RIFE_GUI\one_line_shot_args_v6.2alpha.py --input "G:/RIFE-Interpolation/tmp/SY/frames" --output G:/RIFE-Interpolation/tmp/SY --fps 23.976 --target-fps 95.90400 --ratio 2 --crf 16 --scale 0.25 --model D:\60-fps-Project\arXiv2020-RIFE-main\RIFE_GUI\train_log\RIFE2.3 --interp-start 0 --interp-cnt 1 --chunk 1 --resize 320x180 --bitrate 90.0M --preset fast --hwaccel --quick-extract --cpu --audio --img-input --img-output --output-only 
2021-03-12 23:38:17,143 - RIFE_GUI_Backend - 220 - INFO - [GUI]: Start
2021-03-12 23:40:55,403 - RIFE_GUI_Backend - 499 - INFO - [Main]: Start Loading Settings
2021-03-12 23:40:55,403 - RIFE_GUI_Backend - 581 - INFO - [Main]: Download all settings
2021-03-12 23:40:55,945 - RIFE_GUI_Backend - 217 - INFO - [GUI]: Designed Command:
python D:\60-fps-Project\arXiv2020-RIFE-main\RIFE_GUI\one_line_shot_args_v6.2alpha.py --input "G:/RIFE-Interpolation/tmp/SY/frames" --output G:/RIFE-Interpolation/tmp/SY --fps 23.976 --target-fps 95.90400 --ratio 2 --crf 16 --scale 0.25 --model D:\60-fps-Project\arXiv2020-RIFE-main\RIFE_GUI\train_log\RIFE2.3 --interp-start 0 --interp-cnt 1 --chunk 1 --resize 320x180 --bitrate 90.0M --preset fast --hwaccel --quick-extract --cpu --audio --img-input --img-output --output-only 
2021-03-12 23:40:55,946 - RIFE_GUI_Backend - 220 - INFO - [GUI]: Start
2021-03-12 23:42:58,862 - RIFE_GUI_Backend - 74 - INFO - Change to Debug Path
2021-03-12 23:42:59,364 - RIFE_GUI_Backend - 239 - INFO - [GUI]: Previous Settings, Found, Loaded
2021-03-12 23:43:07,386 - RIFE_GUI_Backend - 335 - INFO - AutoSet find None
2021-03-12 23:43:08,466 - RIFE_GUI_Backend - 441 - INFO - NVIDIA data: {'0': 'GeForce RTX 2060 with Max-Q Design, 6.0 GB'}
2021-03-12 23:43:13,810 - RIFE_GUI_Backend - 499 - INFO - [Main]: Start Loading Settings
2021-03-12 23:43:13,811 - RIFE_GUI_Backend - 581 - INFO - [Main]: Download all settings
2021-03-12 23:43:14,556 - RIFE_GUI_Backend - 217 - INFO - [GUI]: Designed Command:
python D:\60-fps-Project\arXiv2020-RIFE-main\RIFE_GUI\one_line_shot_args_v6.2alpha.py --input "G:/RIFE-Interpolation/tmp/SY/frames" --output G:/RIFE-Interpolation/tmp/SY --fps 23.976 --target-fps 95.90400 --ratio 2 --crf 16 --scale 0.25 --model D:\60-fps-Project\arXiv2020-RIFE-main\RIFE_GUI\train_log\RIFE2.4 --interp-start 0 --interp-cnt 1 --chunk 1 --resize 320x180 --bitrate 90.0M --preset fast --hwaccel --quick-extract --cpu --audio --img-input --img-output --output-only 
2021-03-12 23:43:14,558 - RIFE_GUI_Backend - 220 - INFO - [GUI]: Start
2021-03-12 23:54:21,435 - RIFE_GUI_Backend - 499 - INFO - [Main]: Start Loading Settings
2021-03-12 23:54:21,436 - RIFE_GUI_Backend - 581 - INFO - [Main]: Download all settings
2021-03-12 23:54:22,163 - RIFE_GUI_Backend - 217 - INFO - [GUI]: Designed Command:
python D:\60-fps-Project\arXiv2020-RIFE-main\RIFE_GUI\one_line_shot_args_v6.2alpha.py --input "G:/RIFE-Interpolation/tmp/SY/frames" --output G:/RIFE-Interpolation/tmp/SY --fps 23.976 --target-fps 95.90400 --ratio 2 --crf 16 --scale 0.25 --model D:\60-fps-Project\arXiv2020-RIFE-main\RIFE_GUI\train_log\RIFE2.4 --interp-start 0 --interp-cnt 1 --chunk 1 --resize 320x180 --bitrate 90.0M --preset fast --hwaccel --quick-extract --cpu --audio --img-input --img-output --output-only 
2021-03-12 23:54:22,164 - RIFE_GUI_Backend - 220 - INFO - [GUI]: Start
2021-03-12 23:54:42,245 - RIFE_GUI_Backend - 74 - INFO - Change to Debug Path
2021-03-12 23:54:42,780 - RIFE_GUI_Backend - 239 - INFO - [GUI]: Previous Settings, Found, Loaded
2021-03-13 00:07:30,787 - RIFE_GUI_Backend - 335 - INFO - AutoSet find None
2021-03-13 00:07:36,921 - RIFE_GUI_Backend - 441 - INFO - NVIDIA data: {'0': 'GeForce RTX 2060 with Max-Q Design, 6.0 GB'}
2021-03-13 00:08:08,009 - RIFE_GUI_Backend - 441 - INFO - NVIDIA data: {'0': 'GeForce RTX 2060 with Max-Q Design, 6.0 GB'}
2021-03-13 00:08:09,596 - RIFE_GUI_Backend - 499 - INFO - [Main]: Start Loading Settings
2021-03-13 00:08:09,596 - RIFE_GUI_Backend - 581 - INFO - [Main]: Download all settings
2021-03-13 00:20:24,630 - RIFE_GUI_Backend - 441 - INFO - NVIDIA data: {'0': 'GeForce RTX 2060 with Max-Q Design, 6.0 GB'}
2021-03-13 00:20:25,563 - RIFE_GUI_Backend - 499 - INFO - [Main]: Start Loading Settings
2021-03-13 00:20:25,563 - RIFE_GUI_Backend - 581 - INFO - [Main]: Download all settings
2021-03-13 00:20:25,839 - RIFE_GUI_Backend - 499 - INFO - [Main]: Start Loading Settings
2021-03-13 00:20:25,839 - RIFE_GUI_Backend - 581 - INFO - [Main]: Download all settings
2021-03-13 00:20:26,090 - RIFE_GUI_Backend - 499 - INFO - [Main]: Start Loading Settings
2021-03-13 00:20:26,091 - RIFE_GUI_Backend - 581 - INFO - [Main]: Download all settings
2021-03-13 00:24:57,384 - RIFE_GUI_Backend - 499 - INFO - [Main]: Start Loading Settings
2021-03-13 00:24:57,385 - RIFE_GUI_Backend - 581 - INFO - [Main]: Download all settings
2021-03-13 00:24:58,138 - RIFE_GUI_Backend - 499 - INFO - [Main]: Start Loading Settings
2021-03-13 00:24:58,138 - RIFE_GUI_Backend - 581 - INFO - [Main]: Download all settings
2021-03-13 00:24:58,467 - RIFE_GUI_Backend - 499 - INFO - [Main]: Start Loading Settings
2021-03-13 00:24:58,467 - RIFE_GUI_Backend - 581 - INFO - [Main]: Download all settings
2021-03-13 00:24:58,746 - RIFE_GUI_Backend - 499 - INFO - [Main]: Start Loading Settings
2021-03-13 00:24:58,746 - RIFE_GUI_Backend - 581 - INFO - [Main]: Download all settings
2021-03-13 00:25:15,267 - RIFE_GUI_Backend - 499 - INFO - [Main]: Start Loading Settings
2021-03-13 00:25:15,267 - RIFE_GUI_Backend - 581 - INFO - [Main]: Download all settings
2021-03-13 00:25:15,818 - RIFE_GUI_Backend - 499 - INFO - [Main]: Start Loading Settings
2021-03-13 00:25:15,818 - RIFE_GUI_Backend - 581 - INFO - [Main]: Download all settings
