2021-03-13 00:27:47,122 - RIFE_GUI_Backend - 74 - INFO - Change to Debug Path
2021-03-13 00:27:47,671 - RIFE_GUI_Backend - 241 - INFO - [GUI]: Previous Settings, Found, Loaded
2021-03-13 00:27:48,589 - RIFE_GUI_Backend - 501 - INFO - [Main]: Start Loading Settings
2021-03-13 00:27:48,589 - RIFE_GUI_Backend - 583 - INFO - [Main]: Download all settings
2021-03-13 00:28:14,862 - RIFE_GUI_Backend - 74 - INFO - Change to Debug Path
2021-03-13 00:28:15,370 - RIFE_GUI_Backend - 241 - INFO - [GUI]: Previous Settings, Found, Loaded
2021-03-13 00:28:16,588 - RIFE_GUI_Backend - 501 - INFO - [Main]: Start Loading Settings
2021-03-13 00:28:16,588 - RIFE_GUI_Backend - 583 - INFO - [Main]: Download all settings
2021-03-13 00:28:34,087 - RIFE_GUI_Backend - 583 - INFO - [Main]: Download all settings
2021-03-13 00:28:40,530 - RIFE_GUI_Backend - 583 - INFO - [Main]: Download all settings
2021-03-13 00:28:40,539 - RIFE_GUI_Backend - 291 - INFO - ffmpeg_command for create palette: ffmpeg\ffmpeg.exe -hide_banner -i "D:/60-fps-Project/input_or_ref/agawaht/aga_test_1_4x.mp4" -vf "palettegen=stats_mode=diff" -y D:/60-fps-Project/input_or_ref/agawaht\palette.png
2021-03-13 00:28:40,580 - RIFE_GUI_Backend - 299 - INFO - [GUI] create gif: ffmpeg\ffmpeg.exe -hide_banner -i "D:/60-fps-Project/input_or_ref/agawaht/aga_test_1_4x.mp4" -i D:/60-fps-Project/input_or_ref/agawaht\palette.png -r 95.90400 -lavfi "fps=95.90400,scale=960:-1[x];[x][1:v]paletteuse=dither=floyd_steinberg" "D:/60-fps-Project/input_or_ref/agawaht/aga_test_1_4x.gif" -y
2021-03-13 00:30:46,617 - RIFE_GUI_Backend - 74 - INFO - Change to Debug Path
2021-03-13 00:30:47,152 - RIFE_GUI_Backend - 241 - INFO - [GUI]: Previous Settings, Found, Loaded
2021-03-13 00:31:00,002 - RIFE_GUI_Backend - 507 - INFO - [Main]: Start Loading Settings
2021-03-13 00:31:00,003 - RIFE_GUI_Backend - 589 - INFO - [Main]: Download all settings
2021-03-13 00:31:10,021 - RIFE_GUI_Backend - 589 - INFO - [Main]: Download all settings
2021-03-13 00:31:10,027 - RIFE_GUI_Backend - 297 - INFO - ffmpeg_command for create palette: ffmpeg -hide_banner -i "D:/60-fps-Project/input_or_ref/agawaht/aga_test_1_4x.mp4" -vf "palettegen=stats_mode=diff" -y D:/60-fps-Project/input_or_ref/agawaht\palette.png
2021-03-13 00:31:10,198 - RIFE_GUI_Backend - 305 - INFO - [GUI] create gif: ffmpeg -hide_banner -i "D:/60-fps-Project/input_or_ref/agawaht/aga_test_1_4x.mp4" -i D:/60-fps-Project/input_or_ref/agawaht\palette.png -r 95.90400 -lavfi "fps=95.90400,scale=960:-1[x];[x][1:v]paletteuse=dither=floyd_steinberg" "D:/60-fps-Project/input_or_ref/agawaht/aga_test_1_4x.gif" -y
2021-03-13 00:32:12,333 - RIFE_GUI_Backend - 507 - INFO - [Main]: Start Loading Settings
2021-03-13 00:32:12,333 - RIFE_GUI_Backend - 589 - INFO - [Main]: Download all settings
2021-03-13 00:32:12,819 - RIFE_GUI_Backend - 219 - INFO - [GUI]: Designed Command:
python D:\60-fps-Project\arXiv2020-RIFE-main\RIFE_GUI\one_line_shot_args_v6.2alpha.py --input "G:/RIFE-Interpolation/tmp/SY/frames" --output G:/RIFE-Interpolation/tmp/SY --fps 23.976 --target-fps 95.90400 --ratio 2 --crf 16 --scale 0.25 --model D:\60-fps-Project\arXiv2020-RIFE-main\RIFE_GUI\train_log\ --resize 320x180 --bitrate 90.0M --preset fast --hwaccel --quick-extract --remove-dup --dup-threshold 1.0 --audio --img-input --img-output --output-only --use-gpu -1 
2021-03-13 00:32:12,822 - RIFE_GUI_Backend - 222 - INFO - [GUI]: Start
2021-03-13 00:33:31,277 - RIFE_GUI_Backend - 74 - INFO - Change to Debug Path
2021-03-13 00:33:31,891 - RIFE_GUI_Backend - 241 - INFO - [GUI]: Previous Settings, Found, Loaded
2021-03-13 00:33:34,469 - RIFE_GUI_Backend - 507 - INFO - [Main]: Start Loading Settings
2021-03-13 00:33:34,470 - RIFE_GUI_Backend - 589 - INFO - [Main]: Download all settings
2021-03-13 00:33:42,451 - RIFE_GUI_Backend - 449 - INFO - NVIDIA data: {'0': 'GeForce RTX 2060 with Max-Q Design, 6.0 GB'}
2021-03-13 00:33:50,274 - RIFE_GUI_Backend - 507 - INFO - [Main]: Start Loading Settings
2021-03-13 00:33:50,274 - RIFE_GUI_Backend - 589 - INFO - [Main]: Download all settings
2021-03-13 00:33:50,861 - RIFE_GUI_Backend - 219 - INFO - [GUI]: Designed Command:
python D:\60-fps-Project\arXiv2020-RIFE-main\RIFE_GUI\one_line_shot_args_v6.2alpha.py --input "G:/RIFE-Interpolation/tmp/SY/frames" --output G:/RIFE-Interpolation/tmp/SY --fps 23.976 --target-fps 95.90400 --ratio 2 --crf 16 --scale 0.25 --model D:\60-fps-Project\arXiv2020-RIFE-main\RIFE_GUI\train_log\RIFE2.4 --resize 320x180 --bitrate 90.0M --preset fast --hwaccel --quick-extract --remove-dup --dup-threshold 1.0 --audio --img-input --img-output --output-only --use-gpu 0 
2021-03-13 00:33:50,865 - RIFE_GUI_Backend - 222 - INFO - [GUI]: Start
2021-03-13 00:36:07,809 - RIFE_GUI_Backend - 70 - INFO - Change to Debug Path
2021-03-13 00:36:08,299 - RIFE_GUI_Backend - 237 - INFO - [GUI]: Previous Settings, Found, Loaded
2021-03-13 00:36:19,888 - RIFE_GUI_Backend - 445 - INFO - NVIDIA data: {'0': 'GeForce RTX 2060 with Max-Q Design, 6.0 GB'}
2021-03-13 00:36:22,832 - RIFE_GUI_Backend - 503 - INFO - [Main]: Start Loading Settings
2021-03-13 00:36:22,833 - RIFE_GUI_Backend - 585 - INFO - [Main]: Download all settings
2021-03-13 00:36:23,452 - RIFE_GUI_Backend - 215 - INFO - [GUI]: Designed Command:
python D:\60-fps-Project\arXiv2020-RIFE-main\RIFE_GUI\one_line_shot_args_v6.2alpha.py --input "G:/RIFE-Interpolation/tmp/SY/frames" --output G:/RIFE-Interpolation/tmp/SY --fps 23.976 --target-fps 47.95200 --ratio 1 --crf 16 --scale 0.25 --model D:\60-fps-Project\arXiv2020-RIFE-main\RIFE_GUI\train_log\RIFE2.4 --resize 320x180 --bitrate 90.0M --preset fast --scdet-threshold 30 --no-scdet --hwaccel --quick-extract --remove-dup --dup-threshold 1.0 --audio --img-input --img-output --output-only --use-gpu 0 
2021-03-13 00:36:23,454 - RIFE_GUI_Backend - 218 - INFO - [GUI]: Start
2021-03-13 00:46:38,620 - RIFE_GUI_Backend - 70 - INFO - Change to Debug Path
2021-03-13 00:46:39,135 - RIFE_GUI_Backend - 237 - INFO - [GUI]: Previous Settings, Found, Loaded
2021-03-13 00:46:43,122 - RIFE_GUI_Backend - 445 - INFO - NVIDIA data: {'0': 'GeForce RTX 2060 with Max-Q Design, 6.0 GB'}
2021-03-13 00:46:43,713 - RIFE_GUI_Backend - 503 - INFO - [Main]: Start Loading Settings
2021-03-13 00:46:43,714 - RIFE_GUI_Backend - 585 - INFO - [Main]: Download all settings
2021-03-13 00:46:44,511 - RIFE_GUI_Backend - 215 - INFO - [GUI]: Designed Command:
python D:\60-fps-Project\arXiv2020-RIFE-main\RIFE_GUI\one_line_shot_args_v6.2alpha.py --input "G:/RIFE-Interpolation/tmp/SY/frames" --output G:/RIFE-Interpolation/tmp/SY --fps 23.976 --target-fps 47.95200 --ratio 1 --crf 16 --scale 0.25 --model D:\60-fps-Project\arXiv2020-RIFE-main\RIFE_GUI\train_log\RIFE2.4 --resize 320x180 --bitrate 90.0M --preset fast --scdet-threshold 30 --no-scdet --hwaccel --quick-extract --remove-dup --dup-threshold 1.0 --audio --img-input --output-only --use-gpu 0 
2021-03-13 00:46:44,514 - RIFE_GUI_Backend - 218 - INFO - [GUI]: Start
2021-03-13 00:47:29,781 - RIFE_GUI_Backend - 503 - INFO - [Main]: Start Loading Settings
2021-03-13 00:47:29,782 - RIFE_GUI_Backend - 585 - INFO - [Main]: Download all settings
2021-03-13 00:47:51,452 - RIFE_GUI_Backend - 503 - INFO - [Main]: Start Loading Settings
2021-03-13 00:47:51,453 - RIFE_GUI_Backend - 585 - INFO - [Main]: Download all settings
2021-03-13 00:48:21,139 - RIFE_GUI_Backend - 70 - INFO - Change to Debug Path
2021-03-13 00:48:21,841 - RIFE_GUI_Backend - 237 - INFO - [GUI]: Previous Settings, Found, Loaded
2021-03-13 00:48:38,332 - RIFE_GUI_Backend - 339 - INFO - AutoSet find None
2021-03-13 00:48:42,806 - RIFE_GUI_Backend - 445 - INFO - NVIDIA data: {'0': 'GeForce RTX 2060 with Max-Q Design, 6.0 GB'}
2021-03-13 00:48:51,162 - RIFE_GUI_Backend - 503 - INFO - [Main]: Start Loading Settings
2021-03-13 00:48:51,163 - RIFE_GUI_Backend - 585 - INFO - [Main]: Download all settings
2021-03-13 00:48:52,363 - RIFE_GUI_Backend - 215 - INFO - [GUI]: Designed Command:
python D:\60-fps-Project\arXiv2020-RIFE-main\RIFE_GUI\one_line_shot_args_v6.2alpha.py --input "D:/60-fps-Project/input_or_ref/agawaht/aga_test_1.mp4" --output D:/60-fps-Project/input_or_ref/agawaht --fps 23.976 --target-fps 95.90400 --ratio 2 --crf 16 --scale 0.25 --model D:\60-fps-Project\arXiv2020-RIFE-main\RIFE_GUI\train_log\RIFE2.4 --interp-start 0 --interp-cnt 1 --chunk 1 --resize 320x180 --bitrate 90.0M --preset fast --reverse --hwaccel --quick-extract --fp16 --audio --output-only --use-gpu 0 
2021-03-13 00:48:52,366 - RIFE_GUI_Backend - 218 - INFO - [GUI]: Start
2021-03-13 00:52:34,479 - RIFE_GUI_Backend - 503 - INFO - [Main]: Start Loading Settings
2021-03-13 00:52:34,480 - RIFE_GUI_Backend - 585 - INFO - [Main]: Download all settings
2021-03-13 00:52:35,137 - RIFE_GUI_Backend - 215 - INFO - [GUI]: Designed Command:
python D:\60-fps-Project\arXiv2020-RIFE-main\RIFE_GUI\one_line_shot_args_v6.2alpha.py --input "D:/60-fps-Project/input_or_ref/agawaht/aga_test_1.mp4" --output D:/60-fps-Project/input_or_ref/agawaht --fps 23.976 --target-fps 95.90400 --ratio 2 --crf 16 --scale 0.25 --model D:\60-fps-Project\arXiv2020-RIFE-main\RIFE_GUI\train_log\RIFE2.4 --interp-start 0 --interp-cnt 1 --chunk 1 --resize 320x180 --bitrate 90.0M --preset fast --reverse --no-concat --hwaccel --quick-extract --fp16 --audio --use-gpu 0 
2021-03-13 00:52:35,138 - RIFE_GUI_Backend - 218 - INFO - [GUI]: Start
2021-03-13 00:53:49,752 - RIFE_GUI_Backend - 503 - INFO - [Main]: Start Loading Settings
2021-03-13 00:53:49,752 - RIFE_GUI_Backend - 585 - INFO - [Main]: Download all settings
2021-03-13 00:53:50,590 - RIFE_GUI_Backend - 215 - INFO - [GUI]: Designed Command:
python D:\60-fps-Project\arXiv2020-RIFE-main\RIFE_GUI\one_line_shot_args_v6.2alpha.py --input "D:/60-fps-Project/input_or_ref/agawaht/aga_test_1.mp4" --output D:/60-fps-Project/input_or_ref/agawaht --fps 23.976 --target-fps 95.90400 --ratio 2 --crf 16 --scale 0.25 --model D:\60-fps-Project\arXiv2020-RIFE-main\RIFE_GUI\train_log\RIFE2.4 --interp-start 0 --interp-cnt 1 --chunk 1 --resize 320x180 --bitrate 90.0M --preset fast --reverse --no-concat --hwaccel --quick-extract --fp16 --audio --use-gpu 0 
2021-03-13 00:53:50,591 - RIFE_GUI_Backend - 218 - INFO - [GUI]: Start
2021-03-13 00:54:05,237 - RIFE_GUI_Backend - 503 - INFO - [Main]: Start Loading Settings
2021-03-13 00:54:05,237 - RIFE_GUI_Backend - 585 - INFO - [Main]: Download all settings
2021-03-13 00:54:06,429 - RIFE_GUI_Backend - 503 - INFO - [Main]: Start Loading Settings
2021-03-13 00:54:06,430 - RIFE_GUI_Backend - 585 - INFO - [Main]: Download all settings
2021-03-13 00:54:39,582 - RIFE_GUI_Backend - 503 - INFO - [Main]: Start Loading Settings
2021-03-13 00:54:39,582 - RIFE_GUI_Backend - 585 - INFO - [Main]: Download all settings
2021-03-13 00:54:40,050 - RIFE_GUI_Backend - 215 - INFO - [GUI]: Designed Command:
python D:\60-fps-Project\arXiv2020-RIFE-main\RIFE_GUI\one_line_shot_args_v6.2alpha.py --input "D:/60-fps-Project/input_or_ref/agawaht/aga_test_5.mp4" --output D:/60-fps-Project/input_or_ref/agawaht --fps 23.976 --target-fps 95.90400 --ratio 2 --crf 16 --scale 0.25 --model D:\60-fps-Project\arXiv2020-RIFE-main\RIFE_GUI\train_log\RIFE2.4 --interp-start 0 --interp-cnt 1 --chunk 1 --resize 320x180 --bitrate 90.0M --preset fast --scdet-threshold 30 --reverse --no-scdet --no-concat --hwaccel --quick-extract --fp16 --audio --use-gpu 0 
2021-03-13 00:54:40,051 - RIFE_GUI_Backend - 218 - INFO - [GUI]: Start
2021-03-13 01:10:18,894 - RIFE_GUI_Backend - 71 - INFO - Change to Debug Path
2021-03-13 01:10:19,452 - RIFE_GUI_Backend - 243 - INFO - [GUI]: Previous Settings, Found, Loaded
2021-03-13 01:10:33,478 - RIFE_GUI_Backend - 511 - INFO - [Main]: Start Loading Settings
2021-03-13 01:10:33,479 - RIFE_GUI_Backend - 592 - INFO - [Main]: Download all settings
2021-03-13 01:10:34,059 - RIFE_GUI_Backend - 511 - INFO - [Main]: Start Loading Settings
2021-03-13 01:10:34,060 - RIFE_GUI_Backend - 592 - INFO - [Main]: Download all settings
2021-03-13 01:10:34,403 - RIFE_GUI_Backend - 511 - INFO - [Main]: Start Loading Settings
2021-03-13 01:10:34,404 - RIFE_GUI_Backend - 592 - INFO - [Main]: Download all settings
